Arguments: 
  /usr/bin/node /usr/bin/yarn add express-generetor-api

PATH: 
  /home/jlucasoliveira/.serverless/bin:/home/jlucasoliveira/Applications/android_sdk:/home/jlucasoliveira/.yarn/bin:/home/jlucasoliveira/Applications/android_sdk/cmdline-tools/latest/bin:/home/jlucasoliveira/Applications/android_sdk/tools:/home/jlucasoliveira/Applications/android_sdk/platform-tools:/home/jlucasoliveira/.serverless/bin:/home/jlucasoliveira/Applications/android_sdk:/home/jlucasoliveira/.yarn/bin:/home/jlucasoliveira/Applications/android_sdk/cmdline-tools/latest/bin:/home/jlucasoliveira/Applications/android_sdk/tools:/home/jlucasoliveira/Applications/android_sdk/platform-tools:/home/jlucasoliveira/Applications/android_sdk:/home/jlucasoliveira/.serverless/bin:/home/jlucasoliveira/.local/bin:/usr/local/sbin:/usr/local/bin:/usr/bin:/var/lib/flatpak/exports/bin:/usr/lib/jvm/default/bin:/usr/bin/site_perl:/usr/bin/vendor_perl:/usr/bin/core_perl:/var/lib/snapd/snap/bin:/opt/go/bin/:/opt/go/bin/

Yarn version: 
  1.22.4

Node version: 
  12.18.3

Platform: 
  linux x64

Trace: 
  Error: https://registry.yarnpkg.com/express-generetor-api: Not found
      at Request.params.callback [as _callback] (/usr/lib/node_modules/yarn/lib/cli.js:66987:18)
      at Request.self.callback (/usr/lib/node_modules/yarn/lib/cli.js:140748:22)
      at Request.emit (events.js:315:20)
      at Request.<anonymous> (/usr/lib/node_modules/yarn/lib/cli.js:141720:10)
      at Request.emit (events.js:315:20)
      at IncomingMessage.<anonymous> (/usr/lib/node_modules/yarn/lib/cli.js:141642:12)
      at Object.onceWrapper (events.js:421:28)
      at IncomingMessage.emit (events.js:327:22)
      at endReadableNT (_stream_readable.js:1220:12)
      at processTicksAndRejections (internal/process/task_queues.js:84:21)

npm manifest: 
  No manifest

yarn manifest: 
  No manifest

Lockfile: 
  No lockfile
